[debug] [2022-05-16T21:45:47.808Z] ----------------------------------------------------------------------
[debug] [2022-05-16T21:45:47.813Z] Command:       C:\Program Files\nodejs\node.exe C:\Users\Lenovo\AppData\Roaming\npm\node_modules\firebase-tools\lib\bin\firebase.js init
[debug] [2022-05-16T21:45:47.814Z] CLI Version:   10.7.1
[debug] [2022-05-16T21:45:47.815Z] Platform:      win32
[debug] [2022-05-16T21:45:47.815Z] Node Version:  v16.13.0
[debug] [2022-05-16T21:45:47.835Z] Time:          Mon May 16 2022 22:45:47 GMT+0100 (West Africa Standard Time)
[debug] [2022-05-16T21:45:47.836Z] ----------------------------------------------------------------------
[debug] 
[debug] [2022-05-16T21:45:47.847Z] >>> [apiv2][query] GET https://firebase-public.firebaseio.com/cli.json [none]
[debug] [2022-05-16T21:45:47.988Z] > command requires scopes: ["email","openid","https://www.googleapis.com/auth/cloudplatformprojects.readonly","https://www.googleapis.com/auth/firebase","https://www.googleapis.com/auth/cloud-platform"]
[debug] [2022-05-16T21:45:47.989Z] > authorizing via signed-in user (michaelchinye2018@gmail.com)
[info] 
     ######## #### ########  ######## ########     ###     ######  ########
     ##        ##  ##     ## ##       ##     ##  ##   ##  ##       ##
     ######    ##  ########  ######   ########  #########  ######  ######
     ##        ##  ##    ##  ##       ##     ## ##     ##       ## ##
     ##       #### ##     ## ######## ########  ##     ##  ######  ########

You're about to initialize a Firebase project in this directory:

  C:\Users\Lenovo\Documents\Visual Studio Code\Projects\My Work Space\church-service-portal

[debug] [2022-05-16T21:45:49.612Z] <<< [apiv2][status] GET https://firebase-public.firebaseio.com/cli.json 200
[debug] [2022-05-16T21:45:49.613Z] <<< [apiv2][body] GET https://firebase-public.firebaseio.com/cli.json {"cloudBuildErrorAfter":1594252800000,"cloudBuildWarnAfter":1590019200000,"defaultNode10After":1594252800000,"minVersion":"3.0.5","node8DeploysDisabledAfter":1613390400000,"node8RuntimeDisabledAfter":1615809600000,"node8WarnAfter":1600128000000}
